<?xml version="1.0" encoding="UTF-8"?>
<testng-results ignored="0" total="1" passed="1" failed="0" skipped="0">
  <reporter-output>
  </reporter-output>
  <suite started-at="2025-01-02T22:22:50 IST" name="Default suite" finished-at="2025-01-02T22:22:54 IST" duration-ms="4005">
    <groups>
    </groups>
    <test started-at="2025-01-02T22:22:50 IST" name="Default test" finished-at="2025-01-02T22:22:54 IST" duration-ms="4005">
      <class name="com.aws.FirstTest">
        <test-method signature="openBrowser()[pri:0, instance:com.aws.FirstTest@130d63be]" started-at="2025-01-02T22:22:50 IST" name="openBrowser" finished-at="2025-01-02T22:22:54 IST" duration-ms="3923" status="PASS">
          <reporter-output>
          </reporter-output>
        </test-method> <!-- openBrowser -->
      </class> <!-- com.aws.FirstTest -->
    </test> <!-- Default test -->
  </suite> <!-- Default suite -->
</testng-results>
